<?xml version="1.0" encoding="UTF-8"?>
<!-- Generated by org.testng.reporters.JUnitReportReporter -->
<testsuite hostname="DESKTOP-SC46S7F" failures="0" tests="1" name="testCases.TC001_AccountRegistrationTest" time="1.909" errors="0" timestamp="2024-11-11T16:09:05 IST" skipped="0">
  <testcase classname="testCases.TC001_AccountRegistrationTest" name="account_registration" time="1.909"/>
</testsuite> <!-- testCases.TC001_AccountRegistrationTest -->
