<?xml version="1.0" encoding="UTF-8"?>
<!-- Generated by org.testng.reporters.JUnitReportReporter -->
<testsuite hostname="DESKTOP-SC46S7F" failures="0" tests="1" name="testCases.TC001_AccountRegistrationTest" time="1.775" errors="0" timestamp="2024-11-11T17:54:54 IST" skipped="0">
  <testcase classname="testCases.TC001_AccountRegistrationTest" name="account_registration" time="1.775"/>
</testsuite> <!-- testCases.TC001_AccountRegistrationTest -->
