<?xml version="1.0" encoding="UTF-8"?>
<!-- Generated by org.testng.reporters.JUnitReportReporter -->
<testsuite hostname="DESKTOP-SC46S7F" failures="0" tests="1" name="testCases.TC002_LoginTest" time="1.448" errors="0" timestamp="2024-11-11T17:54:54 IST" skipped="0">
  <testcase classname="testCases.TC002_LoginTest" name="verify_login" time="1.448"/>
</testsuite> <!-- testCases.TC002_LoginTest -->
